<?xml version="1.0" encoding="UTF-8"?>
<!-- Generated by org.testng.reporters.JUnitReportReporter -->
<testsuite hostname="Prasanna" failures="0" tests="1" name="driverFactory.DriverScript" time="8.740" errors="0" timestamp="2024-10-06T16:15:33 IST" skipped="0">
  <testcase classname="driverFactory.DriverScript" name="adminLoginValidation" time="8.740"/>
  <system-out>
    <![CDATA[No. of rows :: 8
Admin login successfull with user admin:: Test Pass
Incorrect user ID or password :: Test Fail
Incorrect user ID or password :: Test Fail
Incorrect user ID or password :: Test Fail
 :: Test Fail
Please enter password :: Test Fail
Admin login successfull with user admin:: Test Pass]]>
  </system-out>
</testsuite> <!-- driverFactory.DriverScript -->
